0 info it worked if it ends with ok
1 verbose cli [ '/usr/local/bin/node',
1 verbose cli   '/usr/local/bin/npm',
1 verbose cli   'install',
1 verbose cli   'sqliter3' ]
2 info using npm@2.14.12
3 info using node@v4.2.6
4 verbose install initial load of /Users/haozi/Desktop/work/package.json
5 verbose installManyTop reading scoped package data from /Users/haozi/Desktop/work/node_modules/npm-debug.log/package.json
6 verbose installManyTop reading scoped package data from /Users/haozi/Desktop/work/node_modules/socket.io/package.json
7 verbose installManyTop reading scoped package data from /Users/haozi/Desktop/work/node_modules/thread/package.json
8 verbose installManyTop reading scoped package data from /Users/haozi/Desktop/work/node_modules/uitl/package.json
9 verbose readDependencies loading dependencies from /Users/haozi/Desktop/work/package.json
10 silly cache add args [ 'sqliter3', null ]
11 verbose cache add spec sqliter3
12 silly cache add parsed spec Result {
12 silly cache add   raw: 'sqliter3',
12 silly cache add   scope: null,
12 silly cache add   name: 'sqliter3',
12 silly cache add   rawSpec: '',
12 silly cache add   spec: 'latest',
12 silly cache add   type: 'tag' }
13 silly addNamed sqliter3@latest
14 verbose addNamed "latest" is being treated as a dist-tag for sqliter3
15 info addNameTag [ 'sqliter3', 'latest' ]
16 silly mapToRegistry name sqliter3
17 silly mapToRegistry using default registry
18 silly mapToRegistry registry https://registry.npmjs.org/
19 silly mapToRegistry uri https://registry.npmjs.org/sqliter3
20 verbose addNameTag registry:https://registry.npmjs.org/sqliter3 not in flight; fetching
21 verbose request uri https://registry.npmjs.org/sqliter3
22 verbose request no auth needed
23 info attempt registry request try #1 at 00:47:28
24 verbose request id a726ffc736b817b5
25 http request GET https://registry.npmjs.org/sqliter3
26 http 404 https://registry.npmjs.org/sqliter3
27 verbose headers { 'content-type': 'application/json',
27 verbose headers   'cache-control': 'max-age=0',
27 verbose headers   'content-length': '2',
27 verbose headers   'accept-ranges': 'bytes',
27 verbose headers   date: 'Fri, 19 Feb 2016 16:47:48 GMT',
27 verbose headers   via: '1.1 varnish',
27 verbose headers   age: '0',
27 verbose headers   connection: 'keep-alive',
27 verbose headers   'x-served-by': 'cache-itm7426-ITM',
27 verbose headers   'x-cache': 'MISS',
27 verbose headers   'x-cache-hits': '0',
27 verbose headers   'x-timer': 'S1455900467.331167,VS0,VE776' }
28 silly get cb [ 404,
28 silly get   { 'content-type': 'application/json',
28 silly get     'cache-control': 'max-age=0',
28 silly get     'content-length': '2',
28 silly get     'accept-ranges': 'bytes',
28 silly get     date: 'Fri, 19 Feb 2016 16:47:48 GMT',
28 silly get     via: '1.1 varnish',
28 silly get     age: '0',
28 silly get     connection: 'keep-alive',
28 silly get     'x-served-by': 'cache-itm7426-ITM',
28 silly get     'x-cache': 'MISS',
28 silly get     'x-cache-hits': '0',
28 silly get     'x-timer': 'S1455900467.331167,VS0,VE776' } ]
29 verbose stack Error: Registry returned 404 for GET on https://registry.npmjs.org/sqliter3
29 verbose stack     at makeError (/usr/local/lib/node_modules/npm/node_modules/npm-registry-client/lib/request.js:264:12)
29 verbose stack     at CachingRegistryClient.<anonymous> (/usr/local/lib/node_modules/npm/node_modules/npm-registry-client/lib/request.js:242:14)
29 verbose stack     at Request._callback (/usr/local/lib/node_modules/npm/node_modules/npm-registry-client/lib/request.js:172:14)
29 verbose stack     at Request.self.callback (/usr/local/lib/node_modules/npm/node_modules/request/request.js:198:22)
29 verbose stack     at emitTwo (events.js:87:13)
29 verbose stack     at Request.emit (events.js:172:7)
29 verbose stack     at Request.<anonymous> (/usr/local/lib/node_modules/npm/node_modules/request/request.js:1082:10)
29 verbose stack     at emitOne (events.js:82:20)
29 verbose stack     at Request.emit (events.js:169:7)
29 verbose stack     at IncomingMessage.<anonymous> (/usr/local/lib/node_modules/npm/node_modules/request/request.js:1009:12)
30 verbose statusCode 404
31 verbose pkgid sqliter3
32 verbose cwd /Users/haozi/Desktop/work
33 error Darwin 14.5.0
34 error argv "/usr/local/bin/node" "/usr/local/bin/npm" "install" "sqliter3"
35 error node v4.2.6
36 error npm  v2.14.12
37 error code E404
38 error 404 Registry returned 404 for GET on https://registry.npmjs.org/sqliter3
38 error 404
38 error 404 'sqliter3' is not in the npm registry.
38 error 404 You should bug the author to publish it (or use the name yourself!)
38 error 404
38 error 404 Note that you can also install from a
38 error 404 tarball, folder, http url, or git url.
39 verbose exit [ 1, true ]
